#
# A fatal error has been detected by the Java Runtime Environment:
#
#  SIGFPE (0x8) at pc=0x0000000116fa3168, pid=2512, tid=7683
#
# JRE version: OpenJDK Runtime Environment (15.0.2+7) (build 15.0.2+7-27)
# Java VM: OpenJDK 64-Bit Server VM (15.0.2+7-27, mixed mode, sharing, tiered, compressed oops, g1 gc, bsd-amd64)
# Problematic frame:
# j  App.main([Ljava/lang/String;)V+0
#
# No core dump will be written. Core dumps have been disabled. To enable core dumping, try "ulimit -c unlimited" before starting Java again
#
# If you would like to submit a bug report, please visit:
#   https://bugreport.java.com/bugreport/crash.jsp
#

---------------  S U M M A R Y ------------

Command Line: -javaagent:/Applications/IntelliJ IDEA.app/Contents/lib/idea_rt.jar=54377:/Applications/IntelliJ IDEA.app/Contents/bin -Dfile.encoding=UTF-8 App

Host: Macmini9,1 x86_64 2400 MHz, 8 cores, 8G, Darwin 20.2.0
Time: Wed Feb 17 16:37:18 2021 CST elapsed time: 0.192467 seconds (0d 0h 0m 0s)

---------------  T H R E A D  ---------------

Current thread (0x00007f8da5013600):  JavaThread "main" [_thread_in_Java, id=7683, stack(0x0000000304b4a000,0x0000000304c4a000)]

Stack: [0x0000000304b4a000,0x0000000304c4a000],  sp=0x0000000304c49ac8,  free space=1022k
Native frames: (J=compiled Java code, A=aot compiled Java code, j=interpreted, Vv=VM code, C=native code)
j  App.main([Ljava/lang/String;)V+0
v  ~StubRoutines::call_stub
V  [libjvm.dylib+0x4ae582]  JavaCalls::call_helper(JavaValue*, methodHandle const&, JavaCallArguments*, Thread*)+0x2e2
V  [libjvm.dylib+0x50f169]  jni_invoke_static(JNIEnv_*, JavaValue*, _jobject*, JNICallType, _jmethodID*, JNI_ArgumentPusher*, Thread*)+0x1f9
V  [libjvm.dylib+0x51290e]  jni_CallStaticVoidMethod+0x19e
C  [libjli.dylib+0x4f3d]  JavaMain+0xc1d
C  [libjli.dylib+0x7659]  ThreadJavaMain+0x9
C  [libsystem_pthread.dylib+0x6950]  _pthread_start+0xe0
C  [libsystem_pthread.dylib+0x247b]  thread_start+0xf


siginfo: si_signo: 8 (SIGFPE), si_code: 5 (FPE_FLTINV), si_addr: 0x0000000116fa3168

Register to memory mapping:

RAX=0x0000000000000007 is an unknown value
RBX=0x000000000000006c is an unknown value
RCX=0x0 is NULL
RDX=0x0 is NULL
RSP=0x0000000304c49ac8 is pointing into the stack for thread: 0x00007f8da5013600
RBP=0x0000000304c49b10 is pointing into the stack for thread: 0x00007f8da5013600
RSI=0x0000000000000001 is an unknown value
RDI=0x0000000000000001 is an unknown value
R8 ={method} {0x000000012d1efcc8} 'main' '([Ljava/lang/String;)V' in 'App'
R9 =0x00007f8da240b470 points into unknown readable memory: 0x000000012d1efcc8 | c8 fc 1e 2d 01 00 00 00
R10=0x000000010d44b9c0: _ZN19TemplateInterpreter13_active_tableE+0x2000 in /Users/andrewball/Library/Java/JavaVirtualMachines/openjdk-15.0.2/Contents/Home/lib/server/libjvm.dylib at 0x000000010c800000
R11=0x0 is NULL
R12=0x0 is NULL
R13=0x000000012d1efc3d is pointing into metadata
R14=0x0000000304c49b38 is pointing into the stack for thread: 0x00007f8da5013600
R15=0x00007f8da5013600 is a thread


Registers:
RAX=0x0000000000000007, RBX=0x000000000000006c, RCX=0x0000000000000000, RDX=0x0000000000000000
RSP=0x0000000304c49ac8, RBP=0x0000000304c49b10, RSI=0x0000000000000001, RDI=0x0000000000000001
R8 =0x000000012d1efcc8, R9 =0x00007f8da240b470, R10=0x000000010d44b9c0, R11=0x0000000000000000
R12=0x0000000000000000, R13=0x000000012d1efc3d, R14=0x0000000304c49b38, R15=0x00007f8da5013600
RIP=0x0000000116fa3168, EFLAGS=0x0000000000000a83, ERR=0x0000000000000000
  TRAPNO=0x0000000000000000

Top of Stack: (sp=0x0000000304c49ac8)
0x0000000304c49ac8:   0000000304c49ac8 000000012d1efc38
0x0000000304c49ad8:   0000000304c49b38 000000012d1efd40
0x0000000304c49ae8:   0000000000000000 0000000787e7cd90
0x0000000304c49af8:   000000012d1efcc8 0000000000000000
0x0000000304c49b08:   0000000304c49b38 0000000304c49ba0
0x0000000304c49b18:   0000000116f8f947 0000000000000000
0x0000000304c49b28:   0000000000000000 0000000000000007
0x0000000304c49b38:   0000000787e7d158 8205fb8d00001fa0
0x0000000304c49b48:   00007f8da5013600 0000000304c49ce0
0x0000000304c49b58:   0000000304c49e90 0000000304c49cc8
0x0000000304c49b68:   0000000000000001 0000000304c49bf8
0x0000000304c49b78:   0000000304c49e98 000000000000000a
0x0000000304c49b88:   000000012d1efcc8 0000000116f9cf40
0x0000000304c49b98:   0000000304c49ce8 0000000304c49c80
0x0000000304c49ba8:   000000010ccae582 0000000000000001
0x0000000304c49bb8:   00007f8da5013600 00007f8da5013600
0x0000000304c49bc8:   00007f8da240b320 00007f8da240b180
0x0000000304c49bd8:   00007f8da240b190 00007f8da240b268
0x0000000304c49be8:   00000000000000d8 00007f8da240b360
0x0000000304c49bf8:   00007f8da5013600 00007f8da240c180
0x0000000304c49c08:   000000012d1efcc8 0000000000000000
0x0000000304c49c18:   0000000000000000 0000000000000000
0x0000000304c49c28:   0000000000000000 0000000304c49e90
0x0000000304c49c38:   00000002006d1e7d 0000000116f9cf40
0x0000000304c49c48:   000000000000000f 0000000aa5013600
0x0000000304c49c58:   00007f8da5013600 0000000000000008
0x0000000304c49c68:   0000000304c49e90 00007f8da240b2f0
0x0000000304c49c78:   0000000304c49ce0 0000000304c49d90
0x0000000304c49c88:   000000010cd0f169 00007f8da240b6e0
0x0000000304c49c98:   00007f8da240b6f0 00007f8da5013600
0x0000000304c49ca8:   0000000304c49e50 00007f8da240bac8
0x0000000304c49cb8:   00000000000003d8 00007f8da5013928 

Instructions: (pc=0x0000000116fa3168)
0x0000000116fa3068:   84 be 27 0d 01 00 00 00 6a 00 00 00 00 00 00 00
0x0000000116fa3078:   00 00 00 00 00 00 00 00 f3 0f 10 04 24 48 83 c4
0x0000000116fa3088:   08 f3 0f 59 04 24 48 83 c4 08 41 0f b6 5d 01 49
0x0000000116fa3098:   ff c5 49 ba c0 c9 44 0d 01 00 00 00 41 ff 24 da
0x0000000116fa30a8:   00 00 00 00 00 00 00 00 00 00 00 00 00 00 00 00
0x0000000116fa30b8:   00 00 00 00 00 00 00 00 60 00 00 00 00 00 00 00
0x0000000116fa30c8:   89 be 27 0d 01 00 00 00 6b 00 00 00 00 00 00 00
0x0000000116fa30d8:   00 00 00 00 00 00 00 00 f2 0f 10 04 24 48 83 c4
0x0000000116fa30e8:   10 f2 0f 59 04 24 48 83 c4 10 41 0f b6 5d 01 49
0x0000000116fa30f8:   ff c5 49 ba c0 d1 44 0d 01 00 00 00 41 ff 24 da
0x0000000116fa3108:   00 00 00 00 00 00 00 00 00 00 00 00 00 00 00 00
0x0000000116fa3118:   00 00 00 00 00 00 00 00 60 00 00 00 00 00 00 00
0x0000000116fa3128:   8e be 27 0d 01 00 00 00 6c 00 00 00 00 00 00 00
0x0000000116fa3138:   00 00 00 00 00 00 00 00 8b 04 24 48 83 c4 08 8b
0x0000000116fa3148:   c8 8b 04 24 48 83 c4 08 81 f8 00 00 00 80 0f 85
0x0000000116fa3158:   0b 00 00 00 33 d2 83 f9 ff 0f 84 03 00 00 00 99
0x0000000116fa3168:   f7 f9 41 0f b6 5d 01 49 ff c5 49 ba c0 b9 44 0d
0x0000000116fa3178:   01 00 00 00 41 ff 24 da 80 00 00 00 00 00 00 00
0x0000000116fa3188:   93 be 27 0d 01 00 00 00 6d 00 00 00 00 00 00 00
0x0000000116fa3198:   00 00 00 00 00 00 00 00 48 8b 04 24 48 83 c4 10
0x0000000116fa31a8:   48 8b c8 48 8b 04 24 48 83 c4 10 48 85 c9 0f 84
0x0000000116fa31b8:   73 9a ff ff 48 3b 05 8d 39 35 f6 0f 85 0c 00 00
0x0000000116fa31c8:   00 33 d2 48 83 f9 ff 0f 84 05 00 00 00 48 99 48
0x0000000116fa31d8:   f7 f9 41 0f b6 5d 01 49 ff c5 49 ba c0 c1 44 0d
0x0000000116fa31e8:   01 00 00 00 41 ff 24 da 00 00 00 00 00 00 00 00
0x0000000116fa31f8:   00 00 00 00 00 00 00 00 60 00 00 00 00 00 00 00
0x0000000116fa3208:   98 be 27 0d 01 00 00 00 6e 00 00 00 00 00 00 00
0x0000000116fa3218:   00 00 00 00 00 00 00 00 f3 0f 10 04 24 48 83 c4
0x0000000116fa3228:   08 0f 28 c8 f3 0f 10 04 24 48 83 c4 08 f3 0f 5e
0x0000000116fa3238:   c1 41 0f b6 5d 01 49 ff c5 49 ba c0 c9 44 0d 01
0x0000000116fa3248:   00 00 00 41 ff 24 da 90 00 00 00 00 00 00 00 00
0x0000000116fa3258:   00 00 00 00 00 00 00 00 60 00 00 00 00 00 00 00 


Stack slot to memory mapping:
stack at sp + 0 slots: 0x0000000304c49ac8 is pointing into the stack for thread: 0x00007f8da5013600
stack at sp + 1 slots: 0x000000012d1efc38 is pointing into metadata
stack at sp + 2 slots: 0x0000000304c49b38 is pointing into the stack for thread: 0x00007f8da5013600
stack at sp + 3 slots: 0x000000012d1efd40 is pointing into metadata
stack at sp + 4 slots: 0x0 is NULL
stack at sp + 5 slots: 0x0000000787e7cd90 is an oop: java.lang.Class 
{0x0000000787e7cd90} - klass: 'java/lang/Class'
stack at sp + 6 slots: {method} {0x000000012d1efcc8} 'main' '([Ljava/lang/String;)V' in 'App'
stack at sp + 7 slots: 0x0 is NULL

idiv  108 idiv  [0x0000000116fa3140, 0x0000000116fa3180]  64 bytes
[MachCode]
  0x0000000116fa3140: 8b04 2448 | 83c4 088b | c88b 0424 | 4883 c408 | 81f8 0000 | 0080 0f85 | 0b00 0000 | 33d2 83f9 
  0x0000000116fa3160: ff0f 8403 | 0000 0099 | f7f9 410f | b65d 0149 | ffc5 49ba | c0b9 440d | 0100 0000 | 41ff 24da 
[/MachCode]

---------------  P R O C E S S  ---------------

Threads class SMR info:
_java_thread_list=0x00007f8da2453800, length=11, elements={
0x00007f8da5013600, 0x00007f8da4808800, 0x00007f8da380ae00, 0x00007f8da50b7e00,
0x00007f8da380be00, 0x00007f8da3817a00, 0x00007f8da3818000, 0x00007f8d93008200,
0x00007f8da3818600, 0x00007f8da50a6600, 0x00007f8da50e7200
}

Java Threads: ( => current thread )
=>0x00007f8da5013600 JavaThread "main" [_thread_in_Java, id=7683, stack(0x0000000304b4a000,0x0000000304c4a000)]
  0x00007f8da4808800 JavaThread "Reference Handler" daemon [_thread_blocked, id=16899, stack(0x000000030525f000,0x000000030535f000)]
  0x00007f8da380ae00 JavaThread "Finalizer" daemon [_thread_blocked, id=43011, stack(0x0000000305362000,0x0000000305462000)]
  0x00007f8da50b7e00 JavaThread "Signal Dispatcher" daemon [_thread_blocked, id=40195, stack(0x0000000305573000,0x0000000305673000)]
  0x00007f8da380be00 JavaThread "Service Thread" daemon [_thread_blocked, id=24835, stack(0x0000000305676000,0x0000000305776000)]
  0x00007f8da3817a00 JavaThread "C2 CompilerThread0" daemon [_thread_blocked, id=39683, stack(0x0000000305779000,0x0000000305879000)]
  0x00007f8da3818000 JavaThread "C1 CompilerThread0" daemon [_thread_blocked, id=25859, stack(0x000000030587c000,0x000000030597c000)]
  0x00007f8d93008200 JavaThread "Sweeper thread" daemon [_thread_blocked, id=26883, stack(0x000000030597f000,0x0000000305a7f000)]
  0x00007f8da3818600 JavaThread "Common-Cleaner" daemon [_thread_blocked, id=38659, stack(0x0000000305a82000,0x0000000305b82000)]
  0x00007f8da50a6600 JavaThread "Monitor Ctrl-Break" daemon [_thread_blocked, id=38147, stack(0x0000000305b85000,0x0000000305c85000)]
  0x00007f8da50e7200 JavaThread "Notification Thread" daemon [_thread_blocked, id=37379, stack(0x0000000305c88000,0x0000000305d88000)]

Other Threads:
  0x00007f8da2442050 VMThread "VM Thread" [stack: 0x000000030515c000,0x000000030525c000] [id=15875] _threads_hazard_ptr=0x00007f8da2453800
  0x00007f8da27290d0 WatcherThread [stack: 0x0000000305d8b000,0x0000000305e8b000] [id=30211]
  0x00007f8da24179f0 GCTaskThread "GC Thread#0" [stack: 0x0000000304c4d000,0x0000000304d4d000] [id=18435]
  0x00007f8da250e4a0 ConcurrentGCThread "G1 Main Marker" [stack: 0x0000000304d50000,0x0000000304e50000] [id=17923]
  0x00007f8da24186e0 ConcurrentGCThread "G1 Conc#0" [stack: 0x0000000304e53000,0x0000000304f53000] [id=14339]
  0x00007f8da2435320 ConcurrentGCThread "G1 Refine#0" [stack: 0x0000000304f56000,0x0000000305056000] [id=15107]
  0x00007f8da24363d0 ConcurrentGCThread "G1 Young RemSet Sampling" [stack: 0x0000000305059000,0x0000000305159000] [id=17411]

Threads with active compile tasks:

VM state: not at safepoint (normal execution)

VM Mutex/Monitor currently owned by a thread:  ([mutex/lock_event])
[0x00007f8da270bdb0] Compile_lock - owner thread: 0x00007f8da50a6600

Heap address: 0x0000000780000000, size: 2048 MB, Compressed Oops mode: Zero based, Oop shift amount: 3
CDS archive(s) mapped at: [0x0000000800000000-0x0000000800b2b000-0x0000000800b2b000), size 11710464, SharedBaseAddress: 0x0000000800000000, ArchiveRelocationMode: 0.
Compressed class space mapped at: 0x0000000800b2c000-0x0000000840b2c000, size: 1073741824
Narrow klass base: 0x0000000800000000, Narrow klass shift: 3, Narrow klass range: 0x100000000

GC Precious Log:
 CPUs: 8 total, 8 available
 Memory: 8192M
 Large Page Support: Disabled
 NUMA Support: Disabled
 Compressed Oops: Enabled (Zero based)
 Heap Region Size: 1M
 Heap Min Capacity: 8M
 Heap Initial Capacity: 128M
 Heap Max Capacity: 2G
 Pre-touch: Disabled
 Parallel Workers: 8
 Concurrent Workers: 2
 Concurrent Refinement Workers: 8
 Periodic GC: Disabled

Heap:
 garbage-first heap   total 133120K, used 1832K [0x0000000780000000, 0x0000000800000000)
  region size 1024K, 2 young (2048K), 0 survivors (0K)
 Metaspace       used 518K, capacity 4499K, committed 4864K, reserved 1056768K
  class space    used 47K, capacity 389K, committed 512K, reserved 1048576K

Heap Regions: E=young(eden), S=young(survivor), O=old, HS=humongous(starts), HC=humongous(continues), CS=collection set, F=free, OA=open archive, CA=closed archive, TAMS=top-at-mark-start (previous, next)
|   0|0x0000000780000000, 0x0000000780000000, 0x0000000780100000|  0%| F|  |TAMS 0x0000000780000000, 0x0000000780000000| Untracked 
|   1|0x0000000780100000, 0x0000000780100000, 0x0000000780200000|  0%| F|  |TAMS 0x0000000780100000, 0x0000000780100000| Untracked 
|   2|0x0000000780200000, 0x0000000780200000, 0x0000000780300000|  0%| F|  |TAMS 0x0000000780200000, 0x0000000780200000| Untracked 
|   3|0x0000000780300000, 0x0000000780300000, 0x0000000780400000|  0%| F|  |TAMS 0x0000000780300000, 0x0000000780300000| Untracked 
|   4|0x0000000780400000, 0x0000000780400000, 0x0000000780500000|  0%| F|  |TAMS 0x0000000780400000, 0x0000000780400000| Untracked 
|   5|0x0000000780500000, 0x0000000780500000, 0x0000000780600000|  0%| F|  |TAMS 0x0000000780500000, 0x0000000780500000| Untracked 
|   6|0x0000000780600000, 0x0000000780600000, 0x0000000780700000|  0%| F|  |TAMS 0x0000000780600000, 0x0000000780600000| Untracked 
|   7|0x0000000780700000, 0x0000000780700000, 0x0000000780800000|  0%| F|  |TAMS 0x0000000780700000, 0x0000000780700000| Untracked 
|   8|0x0000000780800000, 0x0000000780800000, 0x0000000780900000|  0%| F|  |TAMS 0x0000000780800000, 0x0000000780800000| Untracked 
|   9|0x0000000780900000, 0x0000000780900000, 0x0000000780a00000|  0%| F|  |TAMS 0x0000000780900000, 0x0000000780900000| Untracked 
|  10|0x0000000780a00000, 0x0000000780a00000, 0x0000000780b00000|  0%| F|  |TAMS 0x0000000780a00000, 0x0000000780a00000| Untracked 
|  11|0x0000000780b00000, 0x0000000780b00000, 0x0000000780c00000|  0%| F|  |TAMS 0x0000000780b00000, 0x0000000780b00000| Untracked 
|  12|0x0000000780c00000, 0x0000000780c00000, 0x0000000780d00000|  0%| F|  |TAMS 0x0000000780c00000, 0x0000000780c00000| Untracked 
|  13|0x0000000780d00000, 0x0000000780d00000, 0x0000000780e00000|  0%| F|  |TAMS 0x0000000780d00000, 0x0000000780d00000| Untracked 
|  14|0x0000000780e00000, 0x0000000780e00000, 0x0000000780f00000|  0%| F|  |TAMS 0x0000000780e00000, 0x0000000780e00000| Untracked 
|  15|0x0000000780f00000, 0x0000000780f00000, 0x0000000781000000|  0%| F|  |TAMS 0x0000000780f00000, 0x0000000780f00000| Untracked 
|  16|0x0000000781000000, 0x0000000781000000, 0x0000000781100000|  0%| F|  |TAMS 0x0000000781000000, 0x0000000781000000| Untracked 
|  17|0x0000000781100000, 0x0000000781100000, 0x0000000781200000|  0%| F|  |TAMS 0x0000000781100000, 0x0000000781100000| Untracked 
|  18|0x0000000781200000, 0x0000000781200000, 0x0000000781300000|  0%| F|  |TAMS 0x0000000781200000, 0x0000000781200000| Untracked 
|  19|0x0000000781300000, 0x0000000781300000, 0x0000000781400000|  0%| F|  |TAMS 0x0000000781300000, 0x0000000781300000| Untracked 
|  20|0x0000000781400000, 0x0000000781400000, 0x0000000781500000|  0%| F|  |TAMS 0x0000000781400000, 0x0000000781400000| Untracked 
|  21|0x0000000781500000, 0x0000000781500000, 0x0000000781600000|  0%| F|  |TAMS 0x0000000781500000, 0x0000000781500000| Untracked 
|  22|0x0000000781600000, 0x0000000781600000, 0x0000000781700000|  0%| F|  |TAMS 0x0000000781600000, 0x0000000781600000| Untracked 
|  23|0x0000000781700000, 0x0000000781700000, 0x0000000781800000|  0%| F|  |TAMS 0x0000000781700000, 0x0000000781700000| Untracked 
|  24|0x0000000781800000, 0x0000000781800000, 0x0000000781900000|  0%| F|  |TAMS 0x0000000781800000, 0x0000000781800000| Untracked 
|  25|0x0000000781900000, 0x0000000781900000, 0x0000000781a00000|  0%| F|  |TAMS 0x0000000781900000, 0x0000000781900000| Untracked 
|  26|0x0000000781a00000, 0x0000000781a00000, 0x0000000781b00000|  0%| F|  |TAMS 0x0000000781a00000, 0x0000000781a00000| Untracked 
|  27|0x0000000781b00000, 0x0000000781b00000, 0x0000000781c00000|  0%| F|  |TAMS 0x0000000781b00000, 0x0000000781b00000| Untracked 
|  28|0x0000000781c00000, 0x0000000781c00000, 0x0000000781d00000|  0%| F|  |TAMS 0x0000000781c00000, 0x0000000781c00000| Untracked 
|  29|0x0000000781d00000, 0x0000000781d00000, 0x0000000781e00000|  0%| F|  |TAMS 0x0000000781d00000, 0x0000000781d00000| Untracked 
|  30|0x0000000781e00000, 0x0000000781e00000, 0x0000000781f00000|  0%| F|  |TAMS 0x0000000781e00000, 0x0000000781e00000| Untracked 
|  31|0x0000000781f00000, 0x0000000781f00000, 0x0000000782000000|  0%| F|  |TAMS 0x0000000781f00000, 0x0000000781f00000| Untracked 
|  32|0x0000000782000000, 0x0000000782000000, 0x0000000782100000|  0%| F|  |TAMS 0x0000000782000000, 0x0000000782000000| Untracked 
|  33|0x0000000782100000, 0x0000000782100000, 0x0000000782200000|  0%| F|  |TAMS 0x0000000782100000, 0x0000000782100000| Untracked 
|  34|0x0000000782200000, 0x0000000782200000, 0x0000000782300000|  0%| F|  |TAMS 0x0000000782200000, 0x0000000782200000| Untracked 
|  35|0x0000000782300000, 0x0000000782300000, 0x0000000782400000|  0%| F|  |TAMS 0x0000000782300000, 0x0000000782300000| Untracked 
|  36|0x0000000782400000, 0x0000000782400000, 0x0000000782500000|  0%| F|  |TAMS 0x0000000782400000, 0x0000000782400000| Untracked 
|  37|0x0000000782500000, 0x0000000782500000, 0x0000000782600000|  0%| F|  |TAMS 0x0000000782500000, 0x0000000782500000| Untracked 
|  38|0x0000000782600000, 0x0000000782600000, 0x0000000782700000|  0%| F|  |TAMS 0x0000000782600000, 0x0000000782600000| Untracked 
|  39|0x0000000782700000, 0x0000000782700000, 0x0000000782800000|  0%| F|  |TAMS 0x0000000782700000, 0x0000000782700000| Untracked 
|  40|0x0000000782800000, 0x0000000782800000, 0x0000000782900000|  0%| F|  |TAMS 0x0000000782800000, 0x0000000782800000| Untracked 
|  41|0x0000000782900000, 0x0000000782900000, 0x0000000782a00000|  0%| F|  |TAMS 0x0000000782900000, 0x0000000782900000| Untracked 
|  42|0x0000000782a00000, 0x0000000782a00000, 0x0000000782b00000|  0%| F|  |TAMS 0x0000000782a00000, 0x0000000782a00000| Untracked 
|  43|0x0000000782b00000, 0x0000000782b00000, 0x0000000782c00000|  0%| F|  |TAMS 0x0000000782b00000, 0x0000000782b00000| Untracked 
|  44|0x0000000782c00000, 0x0000000782c00000, 0x0000000782d00000|  0%| F|  |TAMS 0x0000000782c00000, 0x0000000782c00000| Untracked 
|  45|0x0000000782d00000, 0x0000000782d00000, 0x0000000782e00000|  0%| F|  |TAMS 0x0000000782d00000, 0x0000000782d00000| Untracked 
|  46|0x0000000782e00000, 0x0000000782e00000, 0x0000000782f00000|  0%| F|  |TAMS 0x0000000782e00000, 0x0000000782e00000| Untracked 
|  47|0x0000000782f00000, 0x0000000782f00000, 0x0000000783000000|  0%| F|  |TAMS 0x0000000782f00000, 0x0000000782f00000| Untracked 
|  48|0x0000000783000000, 0x0000000783000000, 0x0000000783100000|  0%| F|  |TAMS 0x0000000783000000, 0x0000000783000000| Untracked 
|  49|0x0000000783100000, 0x0000000783100000, 0x0000000783200000|  0%| F|  |TAMS 0x0000000783100000, 0x0000000783100000| Untracked 
|  50|0x0000000783200000, 0x0000000783200000, 0x0000000783300000|  0%| F|  |TAMS 0x0000000783200000, 0x0000000783200000| Untracked 
|  51|0x0000000783300000, 0x0000000783300000, 0x0000000783400000|  0%| F|  |TAMS 0x0000000783300000, 0x0000000783300000| Untracked 
|  52|0x0000000783400000, 0x0000000783400000, 0x0000000783500000|  0%| F|  |TAMS 0x0000000783400000, 0x0000000783400000| Untracked 
|  53|0x0000000783500000, 0x0000000783500000, 0x0000000783600000|  0%| F|  |TAMS 0x0000000783500000, 0x0000000783500000| Untracked 
|  54|0x0000000783600000, 0x0000000783600000, 0x0000000783700000|  0%| F|  |TAMS 0x0000000783600000, 0x0000000783600000| Untracked 
|  55|0x0000000783700000, 0x0000000783700000, 0x0000000783800000|  0%| F|  |TAMS 0x0000000783700000, 0x0000000783700000| Untracked 
|  56|0x0000000783800000, 0x0000000783800000, 0x0000000783900000|  0%| F|  |TAMS 0x0000000783800000, 0x0000000783800000| Untracked 
|  57|0x0000000783900000, 0x0000000783900000, 0x0000000783a00000|  0%| F|  |TAMS 0x0000000783900000, 0x0000000783900000| Untracked 
|  58|0x0000000783a00000, 0x0000000783a00000, 0x0000000783b00000|  0%| F|  |TAMS 0x0000000783a00000, 0x0000000783a00000| Untracked 
|  59|0x0000000783b00000, 0x0000000783b00000, 0x0000000783c00000|  0%| F|  |TAMS 0x0000000783b00000, 0x0000000783b00000| Untracked 
|  60|0x0000000783c00000, 0x0000000783c00000, 0x0000000783d00000|  0%| F|  |TAMS 0x0000000783c00000, 0x0000000783c00000| Untracked 
|  61|0x0000000783d00000, 0x0000000783d00000, 0x0000000783e00000|  0%| F|  |TAMS 0x0000000783d00000, 0x0000000783d00000| Untracked 
|  62|0x0000000783e00000, 0x0000000783e00000, 0x0000000783f00000|  0%| F|  |TAMS 0x0000000783e00000, 0x0000000783e00000| Untracked 
|  63|0x0000000783f00000, 0x0000000783f00000, 0x0000000784000000|  0%| F|  |TAMS 0x0000000783f00000, 0x0000000783f00000| Untracked 
|  64|0x0000000784000000, 0x0000000784000000, 0x0000000784100000|  0%| F|  |TAMS 0x0000000784000000, 0x0000000784000000| Untracked 
|  65|0x0000000784100000, 0x0000000784100000, 0x0000000784200000|  0%| F|  |TAMS 0x0000000784100000, 0x0000000784100000| Untracked 
|  66|0x0000000784200000, 0x0000000784200000, 0x0000000784300000|  0%| F|  |TAMS 0x0000000784200000, 0x0000000784200000| Untracked 
|  67|0x0000000784300000, 0x0000000784300000, 0x0000000784400000|  0%| F|  |TAMS 0x0000000784300000, 0x0000000784300000| Untracked 
|  68|0x0000000784400000, 0x0000000784400000, 0x0000000784500000|  0%| F|  |TAMS 0x0000000784400000, 0x0000000784400000| Untracked 
|  69|0x0000000784500000, 0x0000000784500000, 0x0000000784600000|  0%| F|  |TAMS 0x0000000784500000, 0x0000000784500000| Untracked 
|  70|0x0000000784600000, 0x0000000784600000, 0x0000000784700000|  0%| F|  |TAMS 0x0000000784600000, 0x0000000784600000| Untracked 
|  71|0x0000000784700000, 0x0000000784700000, 0x0000000784800000|  0%| F|  |TAMS 0x0000000784700000, 0x0000000784700000| Untracked 
|  72|0x0000000784800000, 0x0000000784800000, 0x0000000784900000|  0%| F|  |TAMS 0x0000000784800000, 0x0000000784800000| Untracked 
|  73|0x0000000784900000, 0x0000000784900000, 0x0000000784a00000|  0%| F|  |TAMS 0x0000000784900000, 0x0000000784900000| Untracked 
|  74|0x0000000784a00000, 0x0000000784a00000, 0x0000000784b00000|  0%| F|  |TAMS 0x0000000784a00000, 0x0000000784a00000| Untracked 
|  75|0x0000000784b00000, 0x0000000784b00000, 0x0000000784c00000|  0%| F|  |TAMS 0x0000000784b00000, 0x0000000784b00000| Untracked 
|  76|0x0000000784c00000, 0x0000000784c00000, 0x0000000784d00000|  0%| F|  |TAMS 0x0000000784c00000, 0x0000000784c00000| Untracked 
|  77|0x0000000784d00000, 0x0000000784d00000, 0x0000000784e00000|  0%| F|  |TAMS 0x0000000784d00000, 0x0000000784d00000| Untracked 
|  78|0x0000000784e00000, 0x0000000784e00000, 0x0000000784f00000|  0%| F|  |TAMS 0x0000000784e00000, 0x0000000784e00000| Untracked 
|  79|0x0000000784f00000, 0x0000000784f00000, 0x0000000785000000|  0%| F|  |TAMS 0x0000000784f00000, 0x0000000784f00000| Untracked 
|  80|0x0000000785000000, 0x0000000785000000, 0x0000000785100000|  0%| F|  |TAMS 0x0000000785000000, 0x0000000785000000| Untracked 
|  81|0x0000000785100000, 0x0000000785100000, 0x0000000785200000|  0%| F|  |TAMS 0x0000000785100000, 0x0000000785100000| Untracked 
|  82|0x0000000785200000, 0x0000000785200000, 0x0000000785300000|  0%| F|  |TAMS 0x0000000785200000, 0x0000000785200000| Untracked 
|  83|0x0000000785300000, 0x0000000785300000, 0x0000000785400000|  0%| F|  |TAMS 0x0000000785300000, 0x0000000785300000| Untracked 
|  84|0x0000000785400000, 0x0000000785400000, 0x0000000785500000|  0%| F|  |TAMS 0x0000000785400000, 0x0000000785400000| Untracked 
|  85|0x0000000785500000, 0x0000000785500000, 0x0000000785600000|  0%| F|  |TAMS 0x0000000785500000, 0x0000000785500000| Untracked 
|  86|0x0000000785600000, 0x0000000785600000, 0x0000000785700000|  0%| F|  |TAMS 0x0000000785600000, 0x0000000785600000| Untracked 
|  87|0x0000000785700000, 0x0000000785700000, 0x0000000785800000|  0%| F|  |TAMS 0x0000000785700000, 0x0000000785700000| Untracked 
|  88|0x0000000785800000, 0x0000000785800000, 0x0000000785900000|  0%| F|  |TAMS 0x0000000785800000, 0x0000000785800000| Untracked 
|  89|0x0000000785900000, 0x0000000785900000, 0x0000000785a00000|  0%| F|  |TAMS 0x0000000785900000, 0x0000000785900000| Untracked 
|  90|0x0000000785a00000, 0x0000000785a00000, 0x0000000785b00000|  0%| F|  |TAMS 0x0000000785a00000, 0x0000000785a00000| Untracked 
|  91|0x0000000785b00000, 0x0000000785b00000, 0x0000000785c00000|  0%| F|  |TAMS 0x0000000785b00000, 0x0000000785b00000| Untracked 
|  92|0x0000000785c00000, 0x0000000785c00000, 0x0000000785d00000|  0%| F|  |TAMS 0x0000000785c00000, 0x0000000785c00000| Untracked 
|  93|0x0000000785d00000, 0x0000000785d00000, 0x0000000785e00000|  0%| F|  |TAMS 0x0000000785d00000, 0x0000000785d00000| Untracked 
|  94|0x0000000785e00000, 0x0000000785e00000, 0x0000000785f00000|  0%| F|  |TAMS 0x0000000785e00000, 0x0000000785e00000| Untracked 
|  95|0x0000000785f00000, 0x0000000785f00000, 0x0000000786000000|  0%| F|  |TAMS 0x0000000785f00000, 0x0000000785f00000| Untracked 
|  96|0x0000000786000000, 0x0000000786000000, 0x0000000786100000|  0%| F|  |TAMS 0x0000000786000000, 0x0000000786000000| Untracked 
|  97|0x0000000786100000, 0x0000000786100000, 0x0000000786200000|  0%| F|  |TAMS 0x0000000786100000, 0x0000000786100000| Untracked 
|  98|0x0000000786200000, 0x0000000786200000, 0x0000000786300000|  0%| F|  |TAMS 0x0000000786200000, 0x0000000786200000| Untracked 
|  99|0x0000000786300000, 0x0000000786300000, 0x0000000786400000|  0%| F|  |TAMS 0x0000000786300000, 0x0000000786300000| Untracked 
| 100|0x0000000786400000, 0x0000000786400000, 0x0000000786500000|  0%| F|  |TAMS 0x0000000786400000, 0x0000000786400000| Untracked 
| 101|0x0000000786500000, 0x0000000786500000, 0x0000000786600000|  0%| F|  |TAMS 0x0000000786500000, 0x0000000786500000| Untracked 
| 102|0x0000000786600000, 0x0000000786600000, 0x0000000786700000|  0%| F|  |TAMS 0x0000000786600000, 0x0000000786600000| Untracked 
| 103|0x0000000786700000, 0x0000000786700000, 0x0000000786800000|  0%| F|  |TAMS 0x0000000786700000, 0x0000000786700000| Untracked 
| 104|0x0000000786800000, 0x0000000786800000, 0x0000000786900000|  0%| F|  |TAMS 0x0000000786800000, 0x0000000786800000| Untracked 
| 105|0x0000000786900000, 0x0000000786900000, 0x0000000786a00000|  0%| F|  |TAMS 0x0000000786900000, 0x0000000786900000| Untracked 
| 106|0x0000000786a00000, 0x0000000786a00000, 0x0000000786b00000|  0%| F|  |TAMS 0x0000000786a00000, 0x0000000786a00000| Untracked 
| 107|0x0000000786b00000, 0x0000000786b00000, 0x0000000786c00000|  0%| F|  |TAMS 0x0000000786b00000, 0x0000000786b00000| Untracked 
| 108|0x0000000786c00000, 0x0000000786c00000, 0x0000000786d00000|  0%| F|  |TAMS 0x0000000786c00000, 0x0000000786c00000| Untracked 
| 109|0x0000000786d00000, 0x0000000786d00000, 0x0000000786e00000|  0%| F|  |TAMS 0x0000000786d00000, 0x0000000786d00000| Untracked 
| 110|0x0000000786e00000, 0x0000000786e00000, 0x0000000786f00000|  0%| F|  |TAMS 0x0000000786e00000, 0x0000000786e00000| Untracked 
| 111|0x0000000786f00000, 0x0000000786f00000, 0x0000000787000000|  0%| F|  |TAMS 0x0000000786f00000, 0x0000000786f00000| Untracked 
| 112|0x0000000787000000, 0x0000000787000000, 0x0000000787100000|  0%| F|  |TAMS 0x0000000787000000, 0x0000000787000000| Untracked 
| 113|0x0000000787100000, 0x0000000787100000, 0x0000000787200000|  0%| F|  |TAMS 0x0000000787100000, 0x0000000787100000| Untracked 
| 114|0x0000000787200000, 0x0000000787200000, 0x0000000787300000|  0%| F|  |TAMS 0x0000000787200000, 0x0000000787200000| Untracked 
| 115|0x0000000787300000, 0x0000000787300000, 0x0000000787400000|  0%| F|  |TAMS 0x0000000787300000, 0x0000000787300000| Untracked 
| 116|0x0000000787400000, 0x0000000787400000, 0x0000000787500000|  0%| F|  |TAMS 0x0000000787400000, 0x0000000787400000| Untracked 
| 117|0x0000000787500000, 0x0000000787500000, 0x0000000787600000|  0%| F|  |TAMS 0x0000000787500000, 0x0000000787500000| Untracked 
| 118|0x0000000787600000, 0x0000000787600000, 0x0000000787700000|  0%| F|  |TAMS 0x0000000787600000, 0x0000000787600000| Untracked 
| 119|0x0000000787700000, 0x0000000787700000, 0x0000000787800000|  0%| F|  |TAMS 0x0000000787700000, 0x0000000787700000| Untracked 
| 120|0x0000000787800000, 0x0000000787800000, 0x0000000787900000|  0%| F|  |TAMS 0x0000000787800000, 0x0000000787800000| Untracked 
| 121|0x0000000787900000, 0x0000000787900000, 0x0000000787a00000|  0%| F|  |TAMS 0x0000000787900000, 0x0000000787900000| Untracked 
| 122|0x0000000787a00000, 0x0000000787a00000, 0x0000000787b00000|  0%| F|  |TAMS 0x0000000787a00000, 0x0000000787a00000| Untracked 
| 123|0x0000000787b00000, 0x0000000787b00000, 0x0000000787c00000|  0%| F|  |TAMS 0x0000000787b00000, 0x0000000787b00000| Untracked 
| 124|0x0000000787c00000, 0x0000000787c00000, 0x0000000787d00000|  0%| F|  |TAMS 0x0000000787c00000, 0x0000000787c00000| Untracked 
| 125|0x0000000787d00000, 0x0000000787d00000, 0x0000000787e00000|  0%| F|  |TAMS 0x0000000787d00000, 0x0000000787d00000| Untracked 
| 126|0x0000000787e00000, 0x0000000787f00000, 0x0000000787f00000|100%| E|  |TAMS 0x0000000787e00000, 0x0000000787e00000| Complete 
| 127|0x0000000787f00000, 0x0000000788000000, 0x0000000788000000|100%| E|CS|TAMS 0x0000000787f00000, 0x0000000787f00000| Complete 
|1022|0x00000007bfe00000, 0x00000007bfe51000, 0x00000007bff00000| 31%|OA|  |TAMS 0x00000007bfe00000, 0x00000007bfe00000| Untracked 
|1023|0x00000007bff00000, 0x00000007bff79000, 0x00000007c0000000| 47%|CA|  |TAMS 0x00000007bff00000, 0x00000007bff00000| Untracked 

Card table byte_map: [0x0000000126565000,0x0000000126965000] _byte_map_base: 0x0000000122965000

Marking Bits (Prev, Next): (CMBitMap*) 0x00007f8da280c010, (CMBitMap*) 0x00007f8da280c050
 Prev Bits: [0x0000000126d65000, 0x0000000128d65000)
 Next Bits: [0x0000000128d65000, 0x000000012ad65000)

Polling page: 0x0000000100380000

Metaspace:

Usage:
  Non-class:      4.01 MB capacity,   471.19 KB ( 11%) used,     3.55 MB ( 89%) free+waste,   384 bytes ( <1%) overhead. 
      Class:    389.00 KB capacity,    47.00 KB ( 12%) used,   341.75 KB ( 88%) free+waste,   256 bytes ( <1%) overhead. 
       Both:      4.39 MB capacity,   518.19 KB ( 12%) used,     3.89 MB ( 88%) free+waste,   640 bytes ( <1%) overhead. 

Virtual space:
  Non-class space:        8.00 MB reserved,       4.25 MB ( 53%) committed 
      Class space:        1.00 GB reserved,     512.00 KB ( <1%) committed 
             Both:        1.01 GB reserved,       4.75 MB ( <1%) committed 

Chunk freelists:
   Non-Class:  2.00 KB
       Class:  1.00 KB
        Both:  3.00 KB

MaxMetaspaceSize: 17179869184.00 GB
CompressedClassSpaceSize: 1.00 GB

CodeHeap 'non-profiled nmethods': size=120028Kb used=53Kb max_used=53Kb free=119974Kb
 bounds [0x000000011ea58000, 0x000000011ecc8000, 0x0000000125f8f000]
CodeHeap 'profiled nmethods': size=120028Kb used=192Kb max_used=192Kb free=119835Kb
 bounds [0x0000000117521000, 0x0000000117791000, 0x000000011ea58000]
CodeHeap 'non-nmethods': size=5704Kb used=1107Kb max_used=1108Kb free=4596Kb
 bounds [0x0000000116f8f000, 0x00000001171ff000, 0x0000000117521000]
 total_blobs=530 nmethods=176 adapters=269
 compilation: enabled
              stopped_count=0, restarted_count=0
 full_count=0

Compilation events (20 events):
Event: 0.165 Thread 0x00007f8da3818000  167       3       java.lang.StringBuilder::append (8 bytes)
Event: 0.165 Thread 0x00007f8da3818000 nmethod 167 0x000000011754e510 code [0x000000011754e6a0, 0x000000011754e7e0]
Event: 0.165 Thread 0x00007f8da3818000  168       3       java.lang.AbstractStringBuilder::append (45 bytes)
Event: 0.165 Thread 0x00007f8da3818000 nmethod 168 0x000000011754e890 code [0x000000011754eaa0, 0x000000011754efb0]
Event: 0.165 Thread 0x00007f8da3818000  169       3       java.lang.StringBuilder::append (8 bytes)
Event: 0.166 Thread 0x00007f8da3818000 nmethod 169 0x000000011754f210 code [0x000000011754f3a0, 0x000000011754f4e0]
Event: 0.166 Thread 0x00007f8da3818000  170       3       java.lang.AbstractStringBuilder::append (77 bytes)
Event: 0.166 Thread 0x00007f8da3818000 nmethod 170 0x000000011754f590 code [0x000000011754f7a0, 0x000000011754fe20]
Event: 0.173 Thread 0x00007f8da3818000  171       3       java.util.zip.ZipUtils::SH (21 bytes)
Event: 0.173 Thread 0x00007f8da3818000 nmethod 171 0x0000000117550090 code [0x0000000117550220, 0x0000000117550350]
Event: 0.173 Thread 0x00007f8da3818000  172       1       java.util.zip.ZipCoder$UTF8ZipCoder::isUTF8 (2 bytes)
Event: 0.173 Thread 0x00007f8da3818000 nmethod 172 0x000000011ea65090 code [0x000000011ea65220, 0x000000011ea652d0]
Event: 0.177 Thread 0x00007f8da3817a00  173       4       java.lang.String::equals (50 bytes)
Event: 0.179 Thread 0x00007f8da3817a00 nmethod 173 0x000000011ea65390 code [0x000000011ea65500, 0x000000011ea656b8]
Event: 0.181 Thread 0x00007f8da3818000  174       3       java.lang.String::indexOf (7 bytes)
Event: 0.182 Thread 0x00007f8da3818000 nmethod 174 0x0000000117550490 code [0x0000000117550660, 0x0000000117550950]
Event: 0.188 Thread 0x00007f8da3818000  176       3       java.lang.System::allowSecurityManager (13 bytes)
Event: 0.188 Thread 0x00007f8da3818000 nmethod 176 0x0000000117550a90 code [0x0000000117550c20, 0x0000000117550d10]
Event: 0.188 Thread 0x00007f8da3818000  175       3       java.lang.System::getSecurityManager (12 bytes)
Event: 0.188 Thread 0x00007f8da3818000 nmethod 175 0x0000000117550d90 code [0x0000000117550f20, 0x0000000117551090]

GC Heap History (0 events):
No events

Deoptimization events (4 events):
Event: 0.175 Thread 0x00007f8da5013600 Uncommon trap: trap_request=0xfffffff4 fr.pc=0x000000011ea64f90 relative=0x0000000000000190
Event: 0.175 Thread 0x00007f8da5013600 Uncommon trap: reason=null_check action=make_not_entrant pc=0x000000011ea64f90 method=java.lang.String.equals(Ljava/lang/Object;)Z @ 8 c2
Event: 0.175 Thread 0x00007f8da5013600 DEOPT PACKING pc=0x000000011ea64f90 sp=0x0000000304c48650
Event: 0.175 Thread 0x00007f8da5013600 DEOPT UNPACKING pc=0x0000000116fdce1f sp=0x0000000304c48618 mode 2

Classes unloaded (0 events):
No events

Classes redefined (0 events):
No events

Internal exceptions (1 events):
Event: 0.175 Thread 0x00007f8da5013600 Implicit null exception at 0x000000011ea64e35 to 0x000000011ea64f80

Events (20 events):
Event: 0.184 loading class java/io/InputStreamReader
Event: 0.184 loading class java/io/InputStreamReader done
Event: 0.185 Thread 0x00007f8da50a6600 Thread added: 0x00007f8da50a6600
Event: 0.185 Protecting memory [0x0000000305b85000,0x0000000305b89000] with protection modes 0
Event: 0.185 loading class java/net/Socket
Event: 0.185 loading class java/net/Socket done
Event: 0.185 Thread 0x00007f8da50e7200 Thread added: 0x00007f8da50e7200
Event: 0.185 Protecting memory [0x0000000305c88000,0x0000000305c8c000] with protection modes 0
Event: 0.186 loading class jdk/internal/vm/PostVMInitHook
Event: 0.186 loading class jdk/internal/vm/PostVMInitHook done
Event: 0.188 loading class java/net/InetSocketAddress
Event: 0.188 loading class jdk/internal/loader/URLClassPath$FileLoader$1
Event: 0.188 loading class jdk/internal/loader/URLClassPath$FileLoader$1 done
Event: 0.188 loading class java/net/SocketAddress
Event: 0.188 loading class java/net/SocketAddress done
Event: 0.188 loading class java/net/InetSocketAddress done
Event: 0.189 Loaded shared library /Users/andrewball/Library/Java/JavaVirtualMachines/openjdk-15.0.2/Contents/Home/lib/libnet.dylib
Event: 0.190 loading class java/io/IOException
Event: 0.190 loading class java/io/IOException done
Event: 0.192 Executing VM operation: HandshakeAllThreads


Dynamic libraries:
0x00007ffdffce4000 	/Library/Apple/usr/libexec/oah/runtime
0x00007fff2a6cc000 	/usr/lib/libz.1.dylib
0x0000000108624000 	/Users/andrewball/Library/Java/JavaVirtualMachines/openjdk-15.0.2/Contents/Home/lib/libjli.dylib
0x00007fff3536a000 	/System/Library/Frameworks/Cocoa.framework/Versions/A/Cocoa
0x00007fff22229000 	/System/Library/Frameworks/Security.framework/Versions/A/Security
0x00007fff33569000 	/System/Library/Frameworks/ApplicationServices.framework/Versions/A/ApplicationServices
0x00007fff2a798000 	/usr/lib/libSystem.B.dylib
0x00007fff2a792000 	/usr/lib/system/libcache.dylib
0x00007fff2a74e000 	/usr/lib/system/libcommonCrypto.dylib
0x00007fff2a778000 	/usr/lib/system/libcompiler_rt.dylib
0x00007fff2a76d000 	/usr/lib/system/libcopyfile.dylib
0x00007fff201ca000 	/usr/lib/system/libcorecrypto.dylib
0x00007fff20296000 	/usr/lib/system/libdispatch.dylib
0x00007fff2044b000 	/usr/lib/system/libdyld.dylib
0x00007fff2a789000 	/usr/lib/system/libkeymgr.dylib
0x00007fff2dd27000 	/usr/lib/system/liblaunch.dylib
0x00007fff2a72c000 	/usr/lib/system/libmacho.dylib
0x00007fff29f42000 	/usr/lib/system/libquarantine.dylib
0x00007fff2a786000 	/usr/lib/system/libremovefile.dylib
0x00007fff24bbe000 	/usr/lib/system/libsystem_asl.dylib
0x00007fff2017a000 	/usr/lib/system/libsystem_blocks.dylib
0x00007fff20318000 	/usr/lib/system/libsystem_c.dylib
0x00007fff2a780000 	/usr/lib/system/libsystem_collections.dylib
0x00007fff2932f000 	/usr/lib/system/libsystem_configuration.dylib
0x00007fff2861f000 	/usr/lib/system/libsystem_containermanager.dylib
0x00007fff2a4c4000 	/usr/lib/system/libsystem_coreservices.dylib
0x00007fff227dd000 	/usr/lib/system/libsystem_darwin.dylib
0x00007fff2a78a000 	/usr/lib/system/libsystem_dnssd.dylib
0x00007fff20315000 	/usr/lib/system/libsystem_featureflags.dylib
0x00007fff20490000 	/usr/lib/system/libsystem_info.dylib
0x00007fff2a6df000 	/usr/lib/system/libsystem_m.dylib
0x00007fff20269000 	/usr/lib/system/libsystem_malloc.dylib
0x00007fff24b52000 	/usr/lib/system/libsystem_networkextension.dylib
0x00007fff22bf7000 	/usr/lib/system/libsystem_notify.dylib
0x00007fff301d4000 	/usr/lib/system/libsystem_product_info_filter.dylib
0x00007fff29333000 	/usr/lib/system/libsystem_sandbox.dylib
0x00007fff2a783000 	/usr/lib/system/libsystem_secinit.dylib
0x00007fff20410000 	/usr/lib/system/libsystem_kernel.dylib
0x00007fff20486000 	/usr/lib/system/libsystem_platform.dylib
0x00007fff2043f000 	/usr/lib/system/libsystem_pthread.dylib
0x00007fff262eb000 	/usr/lib/system/libsystem_symptoms.dylib
0x00007fff201b2000 	/usr/lib/system/libsystem_trace.dylib
0x00007fff2a75a000 	/usr/lib/system/libunwind.dylib
0x00007fff2017c000 	/usr/lib/system/libxpc.dylib
0x00007fff203f7000 	/usr/lib/libc++abi.dylib
0x00007fff202db000 	/usr/lib/libobjc.A.dylib
0x00007fff2a765000 	/usr/lib/liboah.dylib
0x00007fff203a1000 	/usr/lib/libc++.1.dylib
0x00007fff204bc000 	/System/Library/Frameworks/CoreFoundation.framework/Versions/A/CoreFoundation
0x00007fff2119e000 	/System/Library/Frameworks/Foundation.framework/Versions/C/Foundation
0x00007fff22c4f000 	/System/Library/Frameworks/AppKit.framework/Versions/C/AppKit
0x00007fff25b0b000 	/System/Library/Frameworks/CoreData.framework/Versions/A/CoreData
0x00007fff239b2000 	/System/Library/PrivateFrameworks/UIFoundation.framework/Versions/A/UIFoundation
0x00007fff2ff4d000 	/System/Library/PrivateFrameworks/RemoteViewServices.framework/Versions/A/RemoteViewServices
0x00007fff28ce9000 	/System/Library/PrivateFrameworks/XCTTargetBootstrap.framework/Versions/A/XCTTargetBootstrap
0x00007fff2ba35000 	/usr/lib/libspindump.dylib
0x00007fff23c06000 	/System/Library/Frameworks/UniformTypeIdentifiers.framework/Versions/A/UniformTypeIdentifiers
0x00007fff274c0000 	/usr/lib/libapp_launch_measurement.dylib
0x00007fff274c3000 	/System/Library/PrivateFrameworks/CoreAutoLayout.framework/Versions/A/CoreAutoLayout
0x00007fff2864b000 	/System/Library/Frameworks/Metal.framework/Versions/A/Metal
0x00007fff2933e000 	/usr/lib/liblangid.dylib
0x00007fff28ced000 	/System/Library/PrivateFrameworks/CoreSVG.framework/Versions/A/CoreSVG
0x00007fff24bed000 	/System/Library/PrivateFrameworks/SkyLight.framework/Versions/A/SkyLight
0x00007fff24f53000 	/System/Library/Frameworks/CoreGraphics.framework/Versions/A/CoreGraphics
0x00007fff305a4000 	/System/Library/Frameworks/Accelerate.framework/Versions/A/Accelerate
0x00007fff2b470000 	/System/Library/PrivateFrameworks/IconServices.framework/Versions/A/IconServices
0x00007fff28630000 	/System/Library/Frameworks/IOSurface.framework/Versions/A/IOSurface
0x00007fff2649d000 	/usr/lib/libDiagnosticMessagesClient.dylib
0x00007fff28cd5000 	/System/Library/PrivateFrameworks/DFRFoundation.framework/Versions/A/DFRFoundation
0x00007fff2257b000 	/usr/lib/libicucore.A.dylib
0x00007fff2cf75000 	/System/Library/Frameworks/AudioToolbox.framework/Versions/A/AudioToolbox
0x00007fff2c21b000 	/System/Library/PrivateFrameworks/DataDetectorsCore.framework/Versions/A/DataDetectorsCore
0x00007fff289d5000 	/System/Library/Frameworks/Carbon.framework/Versions/A/Frameworks/HIToolbox.framework/Versions/A/HIToolbox
0x00007fff26f18000 	/System/Library/Frameworks/QuartzCore.framework/Versions/A/QuartzCore
0x00007fff2ff89000 	/System/Library/Frameworks/Carbon.framework/Versions/A/Frameworks/SpeechRecognition.framework/Versions/A/SpeechRecognition
0x00007fff27228000 	/System/Library/PrivateFrameworks/CoreUI.framework/Versions/A/CoreUI
0x00007fff21b85000 	/System/Library/Frameworks/CoreAudio.framework/Versions/A/CoreAudio
0x00007fff26588000 	/System/Library/Frameworks/DiskArbitration.framework/Versions/A/DiskArbitration
0x00007fff2be2f000 	/System/Library/PrivateFrameworks/MultitouchSupport.framework/Versions/A/MultitouchSupport
0x00007fff2c212000 	/System/Library/PrivateFrameworks/InternationalSupport.framework/Versions/A/InternationalSupport
0x00007fff24b61000 	/usr/lib/libenergytrace.dylib
0x00007fff22b49000 	/System/Library/Frameworks/IOKit.framework/Versions/A/IOKit
0x00007fff302d6000 	/System/Library/Frameworks/CoreServices.framework/Versions/A/CoreServices
0x00007fff27456000 	/System/Library/PrivateFrameworks/PerformanceAnalysis.framework/Versions/A/PerformanceAnalysis
0x00007fff6cbdf000 	/System/Library/Frameworks/OpenGL.framework/Versions/A/OpenGL
0x00007fff2c297000 	/System/Library/PrivateFrameworks/UserActivity.framework/Versions/A/UserActivity
0x00007fff2560d000 	/System/Library/Frameworks/ColorSync.framework/Versions/A/ColorSync
0x00007fff28f55000 	/System/Library/Frameworks/CoreImage.framework/Versions/A/CoreImage
0x00007fff2199c000 	/System/Library/Frameworks/CoreText.framework/Versions/A/CoreText
0x00007fff28d17000 	/System/Library/Frameworks/ImageIO.framework/Versions/A/ImageIO
0x00007fff2a79e000 	/System/Library/PrivateFrameworks/SoftLinking.framework/Versions/A/SoftLinking
0x00007fff2750c000 	/usr/lib/libxml2.2.dylib
0x00007fff2aa10000 	/usr/lib/libcompression.dylib
0x00007fff24b62000 	/usr/lib/libMobileGestalt.dylib
0x00007fff2c145000 	/System/Library/PrivateFrameworks/TextureIO.framework/Versions/A/TextureIO
0x00007fff2b0fd000 	/usr/lib/libate.dylib
0x00007fff2ae29000 	/usr/lib/liblzma.5.dylib
0x00007fff20eb2000 	/System/Library/Frameworks/SystemConfiguration.framework/Versions/A/SystemConfiguration
0x00007fff2a79a000 	/usr/lib/libfakelink.dylib
0x00007fff246b4000 	/System/Library/Frameworks/CFNetwork.framework/Versions/A/CFNetwork
0x00007fff2a8da000 	/usr/lib/libarchive.2.dylib
0x00007fff20f30000 	/usr/lib/libCRFSuite.dylib
0x00007fff29f69000 	/usr/lib/libbsm.0.dylib
0x00007fff24070000 	/usr/lib/libnetwork.dylib
0x00007fff2a79f000 	/usr/lib/libpcap.A.dylib
0x00007fff262e4000 	/usr/lib/libdns_services.dylib
0x00007fff2ae42000 	/usr/lib/libcoretls_cfhelpers.dylib
0x00007fff2a9de000 	/usr/lib/libapple_nghttp2.dylib
0x00007fff2a732000 	/usr/lib/system/libkxld.dylib
0x00007fff25f52000 	/usr/lib/libsqlite3.dylib
0x00007fff2a4a6000 	/System/Library/PrivateFrameworks/AppleFSCompression.framework/Versions/A/AppleFSCompression
0x00007fff29f51000 	/usr/lib/libcoretls.dylib
0x00007fff2aa0b000 	/usr/lib/libpam.2.dylib
0x00007fff2af3e000 	/usr/lib/libxar.1.dylib
0x00007fff2933a000 	/System/Library/PrivateFrameworks/AppleSystemInfo.framework/Versions/A/AppleSystemInfo
0x00007fff29b94000 	/System/Library/PrivateFrameworks/IOMobileFramebuffer.framework/Versions/A/IOMobileFramebuffer
0x00007fff2a4b6000 	/usr/lib/libbz2.1.0.dylib
0x00007fff2a7d7000 	/usr/lib/libiconv.2.dylib
0x00007fff2a72b000 	/usr/lib/libcharset.1.dylib
0x00007fff27492000 	/System/Library/Frameworks/CoreServices.framework/Versions/A/Frameworks/FSEvents.framework/Versions/A/FSEvents
0x00007fff227e7000 	/System/Library/Frameworks/CoreServices.framework/Versions/A/Frameworks/CarbonCore.framework/Versions/A/CarbonCore
0x00007fff264ed000 	/System/Library/Frameworks/CoreServices.framework/Versions/A/Frameworks/Metadata.framework/Versions/A/Metadata
0x00007fff2a4c9000 	/System/Library/Frameworks/CoreServices.framework/Versions/A/Frameworks/OSServices.framework/Versions/A/OSServices
0x00007fff2a94c000 	/System/Library/Frameworks/CoreServices.framework/Versions/A/Frameworks/SearchKit.framework/Versions/A/SearchKit
0x00007fff2626e000 	/System/Library/Frameworks/CoreServices.framework/Versions/A/Frameworks/AE.framework/Versions/A/AE
0x00007fff20958000 	/System/Library/Frameworks/CoreServices.framework/Versions/A/Frameworks/LaunchServices.framework/Versions/A/LaunchServices
0x00007fff2adda000 	/System/Library/Frameworks/CoreServices.framework/Versions/A/Frameworks/DictionaryServices.framework/Versions/A/DictionaryServices
0x00007fff2749b000 	/System/Library/Frameworks/CoreServices.framework/Versions/A/Frameworks/SharedFileList.framework/Versions/A/SharedFileList
0x00007fff29f45000 	/usr/lib/libCheckFix.dylib
0x00007fff24bd5000 	/System/Library/PrivateFrameworks/TCC.framework/Versions/A/TCC
0x00007fff29340000 	/System/Library/PrivateFrameworks/CoreNLP.framework/Versions/A/CoreNLP
0x00007fff264a0000 	/System/Library/PrivateFrameworks/MetadataUtilities.framework/Versions/A/MetadataUtilities
0x00007fff20f66000 	/usr/lib/libmecabra.dylib
0x00007fff2a259000 	/System/Library/Frameworks/MLCompute.framework/Versions/A/MLCompute
0x00007fff29f7a000 	/usr/lib/libmecab.dylib
0x00007fff29fc4000 	/usr/lib/libgermantok.dylib
0x00007fff2a9b4000 	/usr/lib/libThaiTokenizer.dylib
0x00007fff2af79000 	/usr/lib/libChineseTokenizer.dylib
0x00007fff2aa09000 	/System/Library/Frameworks/MetalPerformanceShaders.framework/Versions/A/MetalPerformanceShaders
0x00007fff2658f000 	/System/Library/Frameworks/Accelerate.framework/Versions/A/Frameworks/vImage.framework/Versions/A/vImage
0x00007fff302af000 	/System/Library/Frameworks/Accelerate.framework/Versions/A/Frameworks/vecLib.framework/Versions/A/vecLib
0x00007fff2af84000 	/System/Library/Frameworks/Accelerate.framework/Versions/A/Frameworks/vecLib.framework/Versions/A/libvMisc.dylib
0x00007fff299f0000 	/System/Library/Frameworks/Accelerate.framework/Versions/A/Frameworks/vecLib.framework/Versions/A/libvDSP.dylib
0x00007fff20c5c000 	/System/Library/Frameworks/Accelerate.framework/Versions/A/Frameworks/vecLib.framework/Versions/A/libBLAS.dylib
0x00007fff2aa2f000 	/System/Library/Frameworks/Accelerate.framework/Versions/A/Frameworks/vecLib.framework/Versions/A/libLAPACK.dylib
0x00007fff29fca000 	/System/Library/Frameworks/Accelerate.framework/Versions/A/Frameworks/vecLib.framework/Versions/A/libLinearAlgebra.dylib
0x00007fff2a9f6000 	/System/Library/Frameworks/Accelerate.framework/Versions/A/Frameworks/vecLib.framework/Versions/A/libSparseBLAS.dylib
0x00007fff2aa29000 	/System/Library/Frameworks/Accelerate.framework/Versions/A/Frameworks/vecLib.framework/Versions/A/libQuadrature.dylib
0x00007fff293e8000 	/System/Library/Frameworks/Accelerate.framework/Versions/A/Frameworks/vecLib.framework/Versions/A/libBNNS.dylib
0x00007fff20e43000 	/System/Library/Frameworks/Accelerate.framework/Versions/A/Frameworks/vecLib.framework/Versions/A/libSparse.dylib
0x00007fff292d3000 	/System/Library/Frameworks/MetalPerformanceShaders.framework/Versions/A/Frameworks/MPSCore.framework/Versions/A/MPSCore
0x00007fff2a415000 	/System/Library/Frameworks/MetalPerformanceShaders.framework/Versions/A/Frameworks/MPSImage.framework/Versions/A/MPSImage
0x00007fff29fe1000 	/System/Library/Frameworks/MetalPerformanceShaders.framework/Versions/A/Frameworks/MPSNeuralNetwork.framework/Versions/A/MPSNeuralNetwork
0x00007fff2a3a0000 	/System/Library/Frameworks/MetalPerformanceShaders.framework/Versions/A/Frameworks/MPSMatrix.framework/Versions/A/MPSMatrix
0x00007fff2a209000 	/System/Library/Frameworks/MetalPerformanceShaders.framework/Versions/A/Frameworks/MPSRayIntersector.framework/Versions/A/MPSRayIntersector
0x00007fff2a3d7000 	/System/Library/Frameworks/MetalPerformanceShaders.framework/Versions/A/Frameworks/MPSNDArray.framework/Versions/A/MPSNDArray
0x00007fff20b88000 	/System/Library/PrivateFrameworks/MetalTools.framework/Versions/A/MetalTools
0x00007fff29338000 	/System/Library/PrivateFrameworks/AggregateDictionary.framework/Versions/A/AggregateDictionary
0x00007fff26478000 	/System/Library/PrivateFrameworks/CoreAnalytics.framework/Versions/A/CoreAnalytics
0x00007fff2a9b6000 	/System/Library/PrivateFrameworks/AppleSauce.framework/Versions/A/AppleSauce
0x00007fff28642000 	/System/Library/PrivateFrameworks/IOAccelerator.framework/Versions/A/IOAccelerator
0x00007fff6cbd3000 	/System/Library/Frameworks/OpenGL.framework/Versions/A/Libraries/libCoreFSCache.dylib
0x00007fff21502000 	/System/Library/PrivateFrameworks/LanguageModeling.framework/Versions/A/LanguageModeling
0x00007fff29b81000 	/System/Library/PrivateFrameworks/CoreEmoji.framework/Versions/A/CoreEmoji
0x00007fff293e1000 	/System/Library/PrivateFrameworks/LinguisticData.framework/Versions/A/LinguisticData
0x00007fff20df5000 	/System/Library/PrivateFrameworks/Lexicon.framework/Versions/A/Lexicon
0x00007fff2a8c8000 	/usr/lib/libcmph.dylib
0x00007fff27472000 	/System/Library/Frameworks/OpenDirectory.framework/Versions/A/Frameworks/CFOpenDirectory.framework/Versions/A/CFOpenDirectory
0x00007fff27462000 	/System/Library/Frameworks/OpenDirectory.framework/Versions/A/OpenDirectory
0x00007fff2ae44000 	/System/Library/PrivateFrameworks/APFS.framework/Versions/A/APFS
0x00007fff29ea6000 	/System/Library/Frameworks/SecurityFoundation.framework/Versions/A/SecurityFoundation
0x00007fff2af4c000 	/usr/lib/libutil.dylib
0x00007fff22b0e000 	/System/Library/PrivateFrameworks/CoreServicesStore.framework/Versions/A/CoreServicesStore
0x00007fff29f3d000 	/System/Library/Frameworks/ServiceManagement.framework/Versions/A/ServiceManagement
0x00007fff2af50000 	/usr/lib/libxslt.1.dylib
0x00007fff29f33000 	/System/Library/PrivateFrameworks/BackgroundTaskManagement.framework/Versions/A/BackgroundTaskManagement
0x00007fff2c090000 	/System/Library/Frameworks/ImageIO.framework/Versions/A/Resources/libRadiance.dylib
0x00007fff2c099000 	/System/Library/Frameworks/ImageIO.framework/Versions/A/Resources/libJPEG.dylib
0x00007fff2bfe9000 	/System/Library/Frameworks/ImageIO.framework/Versions/A/Resources/libPng.dylib
0x00007fff2c010000 	/System/Library/Frameworks/ImageIO.framework/Versions/A/Resources/libTIFF.dylib
0x00007fff2c0ee000 	/System/Library/Frameworks/ImageIO.framework/Versions/A/Resources/libGIF.dylib
0x00007fff2bd4d000 	/System/Library/Frameworks/ImageIO.framework/Versions/A/Resources/libJP2.dylib
0x00007fff2b437000 	/usr/lib/libexpat.1.dylib
0x00007fff2bd02000 	/System/Library/PrivateFrameworks/AppleJPEG.framework/Versions/A/AppleJPEG
0x00007fff28878000 	/System/Library/PrivateFrameworks/FontServices.framework/libFontParser.dylib
0x00007fff26222000 	/System/Library/PrivateFrameworks/RunningBoardServices.framework/Versions/A/RunningBoardServices
0x00007fff2be2b000 	/System/Library/PrivateFrameworks/WatchdogClient.framework/Versions/A/WatchdogClient
0x00007fff215ef000 	/System/Library/Frameworks/CoreDisplay.framework/Versions/A/CoreDisplay
0x00007fff2878e000 	/System/Library/Frameworks/CoreMedia.framework/Versions/A/CoreMedia
0x00007fff275ef000 	/System/Library/Frameworks/CoreVideo.framework/Versions/A/CoreVideo
0x00007fff2be63000 	/System/Library/Frameworks/VideoToolbox.framework/Versions/A/VideoToolbox
0x00007fff261a0000 	/System/Library/PrivateFrameworks/BaseBoard.framework/Versions/A/BaseBoard
0x00007fff2b57c000 	/System/Library/PrivateFrameworks/PersistentConnection.framework/Versions/A/PersistentConnection
0x00007fff25f3b000 	/System/Library/PrivateFrameworks/ProtocolBuffer.framework/Versions/A/ProtocolBuffer
0x00007fff26187000 	/System/Library/PrivateFrameworks/CommonUtilities.framework/Versions/A/CommonUtilities
0x00007fff2bc97000 	/System/Library/PrivateFrameworks/Bom.framework/Versions/A/Bom
0x00007fff2c089000 	/System/Library/PrivateFrameworks/GPUWrangler.framework/Versions/A/GPUWrangler
0x00007fff2c06e000 	/System/Library/PrivateFrameworks/IOPresentment.framework/Versions/A/IOPresentment
0x00007fff2c093000 	/System/Library/PrivateFrameworks/DSExternalDisplay.framework/Versions/A/DSExternalDisplay
0x00007fff2c0f3000 	/System/Library/PrivateFrameworks/CMCaptureCore.framework/Versions/A/CMCaptureCore
0x00007fff2ba1c000 	/System/Library/PrivateFrameworks/AppServerSupport.framework/Versions/A/AppServerSupport
0x00007fff2dac6000 	/System/Library/PrivateFrameworks/perfdata.framework/Versions/A/perfdata
0x00007fff29e95000 	/System/Library/PrivateFrameworks/AssertionServices.framework/Versions/A/AssertionServices
0x00007fff21726000 	/System/Library/PrivateFrameworks/AudioToolboxCore.framework/Versions/A/AudioToolboxCore
0x00007fff28771000 	/System/Library/PrivateFrameworks/caulk.framework/Versions/A/caulk
0x00007fff3d753000 	/System/Library/PrivateFrameworks/SystemPolicy.framework/Versions/A/SystemPolicy
0x00007fff2b22c000 	/usr/lib/libIOReport.dylib
0x00007fff2d2e8000 	/usr/lib/libSMC.dylib
0x00007fff2bfb6000 	/usr/lib/libAudioToolboxUtility.dylib
0x00007fff3e0bd000 	/usr/lib/libmis.dylib
0x00007fff6cc2f000 	/System/Library/Frameworks/OpenGL.framework/Versions/A/Libraries/libGLU.dylib
0x00007fff6cbf2000 	/System/Library/Frameworks/OpenGL.framework/Versions/A/Libraries/libGFXShared.dylib
0x00007fff6ce01000 	/System/Library/Frameworks/OpenGL.framework/Versions/A/Libraries/libGL.dylib
0x00007fff6cbfb000 	/System/Library/Frameworks/OpenGL.framework/Versions/A/Libraries/libGLImage.dylib
0x00007fff6cbef000 	/System/Library/Frameworks/OpenGL.framework/Versions/A/Libraries/libCVMSPluginSupport.dylib
0x00007fff6cbda000 	/System/Library/Frameworks/OpenGL.framework/Versions/A/Libraries/libCoreVMClient.dylib
0x00007fff6e242000 	/System/Library/Frameworks/OpenCL.framework/Versions/A/OpenCL
0x00007fff2b5a6000 	/System/Library/PrivateFrameworks/GraphVisualizer.framework/Versions/A/GraphVisualizer
0x00007fff2b5b5000 	/System/Library/PrivateFrameworks/FaceCore.framework/Versions/A/FaceCore
0x00007fff2b9d1000 	/System/Library/PrivateFrameworks/OTSVG.framework/Versions/A/OTSVG
0x00007fff271e6000 	/System/Library/Frameworks/ApplicationServices.framework/Versions/A/Frameworks/ATS.framework/Versions/A/Resources/libFontRegistry.dylib
0x00007fff2ba23000 	/System/Library/PrivateFrameworks/FontServices.framework/libhvf.dylib
0x00007fff2b3e3000 	/System/Library/PrivateFrameworks/AppleVA.framework/Versions/A/AppleVA
0x00007fff2d131000 	/System/Library/Frameworks/ApplicationServices.framework/Versions/A/Frameworks/ATS.framework/Versions/A/ATS
0x00007fff2d443000 	/System/Library/Frameworks/ApplicationServices.framework/Versions/A/Frameworks/ColorSyncLegacy.framework/Versions/A/ColorSyncLegacy
0x00007fff25704000 	/System/Library/Frameworks/ApplicationServices.framework/Versions/A/Frameworks/HIServices.framework/Versions/A/HIServices
0x00007fff2d428000 	/System/Library/Frameworks/ApplicationServices.framework/Versions/A/Frameworks/LangAnalysis.framework/Versions/A/LangAnalysis
0x00007fff2c0fd000 	/System/Library/Frameworks/ApplicationServices.framework/Versions/A/Frameworks/PrintCore.framework/Versions/A/PrintCore
0x00007fff2d44b000 	/System/Library/Frameworks/ApplicationServices.framework/Versions/A/Frameworks/QD.framework/Versions/A/QD
0x00007fff2d121000 	/System/Library/Frameworks/ApplicationServices.framework/Versions/A/Frameworks/SpeechSynthesis.framework/Versions/A/SpeechSynthesis
0x00007fff2c0be000 	/System/Library/Frameworks/ApplicationServices.framework/Versions/A/Frameworks/ATSUI.framework/Versions/A/ATSUI
0x00007fff2d3c8000 	/usr/lib/libcups.2.dylib
0x00007fff2d438000 	/System/Library/PrivateFrameworks/NetAuth.framework/Versions/A/NetAuth
0x00007fff2dae2000 	/System/Library/Frameworks/Kerberos.framework/Versions/A/Kerberos
0x00007fff2daf2000 	/System/Library/Frameworks/GSS.framework/Versions/A/GSS
0x00007fff2d19d000 	/usr/lib/libresolv.9.dylib
0x00007fff2ba38000 	/System/Library/PrivateFrameworks/Heimdal.framework/Versions/A/Heimdal
0x00007fff33869000 	/System/Library/Frameworks/Kerberos.framework/Versions/A/Libraries/libHeimdalProxy.dylib
0x00007fff262f3000 	/System/Library/Frameworks/Network.framework/Versions/A/Network
0x00007fff2b451000 	/usr/lib/libheimdal-asn1.dylib
0x00007fff2db42000 	/System/Library/PrivateFrameworks/CommonAuth.framework/Versions/A/CommonAuth
0x00007fff2763c000 	/System/Library/PrivateFrameworks/login.framework/Versions/A/Frameworks/loginsupport.framework/Versions/A/loginsupport
0x00007fff2d0a6000 	/System/Library/PrivateFrameworks/AudioSession.framework/Versions/A/AudioSession
0x00007fff2d10e000 	/usr/lib/libAudioStatistics.dylib
0x00007fff2b4de000 	/System/Library/PrivateFrameworks/MediaExperience.framework/Versions/A/MediaExperience
0x00007fff2cf43000 	/System/Library/PrivateFrameworks/AudioSession.framework/libSessionUtility.dylib
0x00007fff2dad3000 	/usr/lib/libperfcheck.dylib
0x00007fff2d457000 	/System/Library/PrivateFrameworks/AudioResourceArbitration.framework/Versions/A/AudioResourceArbitration
0x00007fff2b45b000 	/System/Library/PrivateFrameworks/IconFoundation.framework/Versions/A/IconFoundation
0x00007fff2ff79000 	/System/Library/PrivateFrameworks/SpeechRecognitionCore.framework/Versions/A/SpeechRecognitionCore
0x000000010c800000 	/Users/andrewball/Library/Java/JavaVirtualMachines/openjdk-15.0.2/Contents/Home/lib/server/libjvm.dylib
0x00000001086ac000 	/Users/andrewball/Library/Java/JavaVirtualMachines/openjdk-15.0.2/Contents/Home/lib/libjimage.dylib
0x00000001086c6000 	/Users/andrewball/Library/Java/JavaVirtualMachines/openjdk-15.0.2/Contents/Home/lib/libinstrument.dylib
0x00000001086eb000 	/Users/andrewball/Library/Java/JavaVirtualMachines/openjdk-15.0.2/Contents/Home/lib/libjava.dylib
0x000000012f3fe000 	/Users/andrewball/Library/Java/JavaVirtualMachines/openjdk-15.0.2/Contents/Home/lib/libzip.dylib
0x000000012f428000 	/Users/andrewball/Library/Java/JavaVirtualMachines/openjdk-15.0.2/Contents/Home/lib/libnio.dylib
0x000000012f456000 	/Users/andrewball/Library/Java/JavaVirtualMachines/openjdk-15.0.2/Contents/Home/lib/libnet.dylib


VM Arguments:
jvm_args: -javaagent:/Applications/IntelliJ IDEA.app/Contents/lib/idea_rt.jar=54377:/Applications/IntelliJ IDEA.app/Contents/bin -Dfile.encoding=UTF-8 
java_command: App
java_class_path (initial): /Users/andrewball/IdeaProjects/Java123/out/production/Multiple Exceptions
Launcher Type: SUN_STANDARD

[Global flags]
     intx CICompilerCount                          = 4                                         {product} {ergonomic}
     uint ConcGCThreads                            = 2                                         {product} {ergonomic}
     uint G1ConcRefinementThreads                  = 8                                         {product} {ergonomic}
   size_t G1HeapRegionSize                         = 1048576                                   {product} {ergonomic}
    uintx GCDrainStackTargetSize                   = 64                                        {product} {ergonomic}
   size_t InitialHeapSize                          = 134217728                                 {product} {ergonomic}
   size_t MarkStackSize                            = 4194304                                   {product} {ergonomic}
   size_t MaxHeapSize                              = 2147483648                                {product} {ergonomic}
   size_t MaxNewSize                               = 1287651328                                {product} {ergonomic}
   size_t MinHeapDeltaBytes                        = 1048576                                   {product} {ergonomic}
   size_t MinHeapSize                              = 8388608                                   {product} {ergonomic}
    uintx NonNMethodCodeHeapSize                   = 5839372                                {pd product} {ergonomic}
    uintx NonProfiledCodeHeapSize                  = 122909434                              {pd product} {ergonomic}
    uintx ProfiledCodeHeapSize                     = 122909434                              {pd product} {ergonomic}
    uintx ReservedCodeCacheSize                    = 251658240                              {pd product} {ergonomic}
     bool SegmentedCodeCache                       = true                                      {product} {ergonomic}
   size_t SoftMaxHeapSize                          = 2147483648                             {manageable} {ergonomic}
     bool UseCompressedClassPointers               = true                                 {lp64_product} {ergonomic}
     bool UseCompressedOops                        = true                                 {lp64_product} {ergonomic}
     bool UseG1GC                                  = true                                      {product} {ergonomic}
     bool UseNUMA                                  = false                                     {product} {ergonomic}
     bool UseNUMAInterleaving                      = false                                     {product} {ergonomic}

Logging:
Log output configuration:
 #0: stdout all=warning uptime,level,tags
 #1: stderr all=off uptime,level,tags

Environment Variables:
PATH=/usr/local/bin:/usr/bin:/bin:/usr/sbin:/sbin
SHELL=/bin/zsh
LC_CTYPE=en_US.UTF-8

Signal Handlers:
SIGSEGV: [libjvm.dylib+0xa01020], sa_mask[0]=11111111111111111111111111111111, sa_flags=SA_ONSTACK|SA_RESTART|SA_SIGINFO
SIGBUS: [libjvm.dylib+0xa01020], sa_mask[0]=11111111111111111111111111111111, sa_flags=SA_RESTART|SA_SIGINFO
SIGFPE: [libjvm.dylib+0xa01020], sa_mask[0]=11111111111111111111111111111111, sa_flags=SA_RESTART|SA_SIGINFO
SIGPIPE: [libjvm.dylib+0x82c500], sa_mask[0]=11111111111111111111111111111111, sa_flags=SA_RESTART|SA_SIGINFO
SIGXFSZ: [libjvm.dylib+0x82c500], sa_mask[0]=11111111111111111111111111111111, sa_flags=SA_RESTART|SA_SIGINFO
SIGILL: [libjvm.dylib+0xa01020], sa_mask[0]=11111111111111111111111111111111, sa_flags=SA_RESTART|SA_SIGINFO
SIGUSR2: [libjvm.dylib+0x82d010], sa_mask[0]=00100000000000000000000000000000, sa_flags=SA_RESTART|SA_SIGINFO
SIGHUP: [libjvm.dylib+0x82b710], sa_mask[0]=11111111111111111111111111111111, sa_flags=SA_RESTART|SA_SIGINFO
SIGINT: [libjvm.dylib+0x82b710], sa_mask[0]=11111111111111111111111111111111, sa_flags=SA_RESTART|SA_SIGINFO
SIGTERM: [libjvm.dylib+0x82b710], sa_mask[0]=11111111111111111111111111111111, sa_flags=SA_RESTART|SA_SIGINFO
SIGQUIT: [libjvm.dylib+0x82b710], sa_mask[0]=11111111111111111111111111111111, sa_flags=SA_RESTART|SA_SIGINFO


---------------  S Y S T E M  ---------------

OS:uname: Darwin 20.2.0 Darwin Kernel Version 20.2.0: Wed Dec  2 20:40:21 PST 2020; root:xnu-7195.60.75~1/RELEASE_ARM64_T8101 x86_64
OS uptime: 0 days 5:27 hours
rlimit (soft/hard): STACK 8176k/65520k , CORE 0k/infinity , NPROC 1333/2000 , NOFILE 10240/infinity , AS infinity/infinity , CPU infinity/infinity , DATA infinity/infinity , FSIZE infinity/infinity , MEMLOCK infinity/infinity , RSS infinity/infinity
load average: 1.83 1.39 1.38

CPU: total 8 (initial active 8) (1 cores per cpu, 1 threads per core) family 6 model 44 stepping 0 microcode 0x0, cmov, cx8, fxsr, mmx, sse, sse2, sse3, ssse3, sse4.1, sse4.2, popcnt, aes, clmul, tsc, tscinvbit, tscinv, clflush

Memory: 4k page, physical 8388608k(17384k free), swap 1048576k(1032704k free)

vm_info: OpenJDK 64-Bit Server VM (15.0.2+7-27) for bsd-amd64 JRE (15.0.2+7-27), built on Dec  7 2020 20:01:12 by "mach5one" with clang 4.2.1 Compatible Apple LLVM 10.0.0 (clang-1000.11.45.5)

END.
